0 info it worked if it ends with ok
1 verbose cli [ '/usr/local/bin/node', '/usr/local/bin/npm', 'install' ]
2 info using npm@1.4.28
3 info using node@v0.10.33
4 warn package.json demo@1.0.0 No repository field.
5 warn package.json demo@1.0.0 No README data
6 verbose readDependencies using package.json deps
7 verbose install where, deps [ '/Users/ahmedshalaby/Desktop/Public-Art-at-CMU/demo',
7 verbose install   [ 'gulp',
7 verbose install     'gulp-sass',
7 verbose install     'gulp-concat',
7 verbose install     'gulp-minify-css',
7 verbose install     'gulp-rename',
7 verbose install     'bower',
7 verbose install     'gulp-util',
7 verbose install     'shelljs' ] ]
8 info preinstall demo@1.0.0
9 verbose readDependencies using package.json deps
10 verbose cache add [ 'gulp@^3.5.6', null ]
11 verbose cache add name=undefined spec="gulp@^3.5.6" args=["gulp@^3.5.6",null]
12 verbose parsed url { protocol: null,
12 verbose parsed url   slashes: null,
12 verbose parsed url   auth: null,
12 verbose parsed url   host: null,
12 verbose parsed url   port: null,
12 verbose parsed url   hostname: null,
12 verbose parsed url   hash: null,
12 verbose parsed url   search: null,
12 verbose parsed url   query: null,
12 verbose parsed url   pathname: 'gulp@^3.5.6',
12 verbose parsed url   path: 'gulp@^3.5.6',
12 verbose parsed url   href: 'gulp@^3.5.6' }
13 verbose cache add [ 'gulp-sass@^0.7.1', null ]
14 verbose cache add name=undefined spec="gulp-sass@^0.7.1" args=["gulp-sass@^0.7.1",null]
15 verbose parsed url { protocol: null,
15 verbose parsed url   slashes: null,
15 verbose parsed url   auth: null,
15 verbose parsed url   host: null,
15 verbose parsed url   port: null,
15 verbose parsed url   hostname: null,
15 verbose parsed url   hash: null,
15 verbose parsed url   search: null,
15 verbose parsed url   query: null,
15 verbose parsed url   pathname: 'gulp-sass@^0.7.1',
15 verbose parsed url   path: 'gulp-sass@^0.7.1',
15 verbose parsed url   href: 'gulp-sass@^0.7.1' }
16 verbose cache add name="gulp" spec="^3.5.6" args=["gulp","^3.5.6"]
17 verbose parsed url { protocol: null,
17 verbose parsed url   slashes: null,
17 verbose parsed url   auth: null,
17 verbose parsed url   host: null,
17 verbose parsed url   port: null,
17 verbose parsed url   hostname: null,
17 verbose parsed url   hash: null,
17 verbose parsed url   search: null,
17 verbose parsed url   query: null,
17 verbose parsed url   pathname: '^3.5.6',
17 verbose parsed url   path: '^3.5.6',
17 verbose parsed url   href: '^3.5.6' }
18 verbose addNamed [ 'gulp', '^3.5.6' ]
19 verbose addNamed [ null, '>=3.5.6-0 <4.0.0-0' ]
20 verbose cache add [ 'gulp-concat@^2.2.0', null ]
21 verbose cache add name=undefined spec="gulp-concat@^2.2.0" args=["gulp-concat@^2.2.0",null]
22 verbose parsed url { protocol: null,
22 verbose parsed url   slashes: null,
22 verbose parsed url   auth: null,
22 verbose parsed url   host: null,
22 verbose parsed url   port: null,
22 verbose parsed url   hostname: null,
22 verbose parsed url   hash: null,
22 verbose parsed url   search: null,
22 verbose parsed url   query: null,
22 verbose parsed url   pathname: 'gulp-concat@^2.2.0',
22 verbose parsed url   path: 'gulp-concat@^2.2.0',
22 verbose parsed url   href: 'gulp-concat@^2.2.0' }
23 verbose cache add [ 'gulp-minify-css@^0.3.0', null ]
24 verbose cache add name=undefined spec="gulp-minify-css@^0.3.0" args=["gulp-minify-css@^0.3.0",null]
25 verbose parsed url { protocol: null,
25 verbose parsed url   slashes: null,
25 verbose parsed url   auth: null,
25 verbose parsed url   host: null,
25 verbose parsed url   port: null,
25 verbose parsed url   hostname: null,
25 verbose parsed url   hash: null,
25 verbose parsed url   search: null,
25 verbose parsed url   query: null,
25 verbose parsed url   pathname: 'gulp-minify-css@^0.3.0',
25 verbose parsed url   path: 'gulp-minify-css@^0.3.0',
25 verbose parsed url   href: 'gulp-minify-css@^0.3.0' }
26 verbose cache add [ 'gulp-rename@^1.2.0', null ]
27 verbose cache add name=undefined spec="gulp-rename@^1.2.0" args=["gulp-rename@^1.2.0",null]
28 verbose parsed url { protocol: null,
28 verbose parsed url   slashes: null,
28 verbose parsed url   auth: null,
28 verbose parsed url   host: null,
28 verbose parsed url   port: null,
28 verbose parsed url   hostname: null,
28 verbose parsed url   hash: null,
28 verbose parsed url   search: null,
28 verbose parsed url   query: null,
28 verbose parsed url   pathname: 'gulp-rename@^1.2.0',
28 verbose parsed url   path: 'gulp-rename@^1.2.0',
28 verbose parsed url   href: 'gulp-rename@^1.2.0' }
29 verbose cache add name="gulp-sass" spec="^0.7.1" args=["gulp-sass","^0.7.1"]
30 verbose parsed url { protocol: null,
30 verbose parsed url   slashes: null,
30 verbose parsed url   auth: null,
30 verbose parsed url   host: null,
30 verbose parsed url   port: null,
30 verbose parsed url   hostname: null,
30 verbose parsed url   hash: null,
30 verbose parsed url   search: null,
30 verbose parsed url   query: null,
30 verbose parsed url   pathname: '^0.7.1',
30 verbose parsed url   path: '^0.7.1',
30 verbose parsed url   href: '^0.7.1' }
31 verbose addNamed [ 'gulp-sass', '^0.7.1' ]
32 verbose addNamed [ null, '>=0.7.1-0 <0.8.0-0' ]
33 silly lockFile 28ac0b1b-gulp-3-5-6 gulp@^3.5.6
34 verbose lock gulp@^3.5.6 /Users/ahmedshalaby/.npm/28ac0b1b-gulp-3-5-6.lock
35 silly lockFile 77100620-gulp-sass-0-7-1 gulp-sass@^0.7.1
36 verbose lock gulp-sass@^0.7.1 /Users/ahmedshalaby/.npm/77100620-gulp-sass-0-7-1.lock
37 verbose cache add name="gulp-concat" spec="^2.2.0" args=["gulp-concat","^2.2.0"]
38 verbose parsed url { protocol: null,
38 verbose parsed url   slashes: null,
38 verbose parsed url   auth: null,
38 verbose parsed url   host: null,
38 verbose parsed url   port: null,
38 verbose parsed url   hostname: null,
38 verbose parsed url   hash: null,
38 verbose parsed url   search: null,
38 verbose parsed url   query: null,
38 verbose parsed url   pathname: '^2.2.0',
38 verbose parsed url   path: '^2.2.0',
38 verbose parsed url   href: '^2.2.0' }
39 verbose addNamed [ 'gulp-concat', '^2.2.0' ]
40 verbose addNamed [ null, '>=2.2.0-0 <3.0.0-0' ]
41 silly lockFile bade1119-gulp-concat-2-2-0 gulp-concat@^2.2.0
42 verbose lock gulp-concat@^2.2.0 /Users/ahmedshalaby/.npm/bade1119-gulp-concat-2-2-0.lock
43 verbose cache add name="gulp-minify-css" spec="^0.3.0" args=["gulp-minify-css","^0.3.0"]
44 verbose parsed url { protocol: null,
44 verbose parsed url   slashes: null,
44 verbose parsed url   auth: null,
44 verbose parsed url   host: null,
44 verbose parsed url   port: null,
44 verbose parsed url   hostname: null,
44 verbose parsed url   hash: null,
44 verbose parsed url   search: null,
44 verbose parsed url   query: null,
44 verbose parsed url   pathname: '^0.3.0',
44 verbose parsed url   path: '^0.3.0',
44 verbose parsed url   href: '^0.3.0' }
45 verbose addNamed [ 'gulp-minify-css', '^0.3.0' ]
46 verbose addNamed [ null, '>=0.3.0-0 <0.4.0-0' ]
47 silly lockFile 97140670-gulp-minify-css-0-3-0 gulp-minify-css@^0.3.0
48 verbose lock gulp-minify-css@^0.3.0 /Users/ahmedshalaby/.npm/97140670-gulp-minify-css-0-3-0.lock
49 verbose cache add [ 'bower@^1.3.3', null ]
50 verbose cache add name=undefined spec="bower@^1.3.3" args=["bower@^1.3.3",null]
51 verbose parsed url { protocol: null,
51 verbose parsed url   slashes: null,
51 verbose parsed url   auth: null,
51 verbose parsed url   host: null,
51 verbose parsed url   port: null,
51 verbose parsed url   hostname: null,
51 verbose parsed url   hash: null,
51 verbose parsed url   search: null,
51 verbose parsed url   query: null,
51 verbose parsed url   pathname: 'bower@^1.3.3',
51 verbose parsed url   path: 'bower@^1.3.3',
51 verbose parsed url   href: 'bower@^1.3.3' }
52 verbose cache add [ 'gulp-util@^2.2.14', null ]
53 verbose cache add name=undefined spec="gulp-util@^2.2.14" args=["gulp-util@^2.2.14",null]
54 verbose parsed url { protocol: null,
54 verbose parsed url   slashes: null,
54 verbose parsed url   auth: null,
54 verbose parsed url   host: null,
54 verbose parsed url   port: null,
54 verbose parsed url   hostname: null,
54 verbose parsed url   hash: null,
54 verbose parsed url   search: null,
54 verbose parsed url   query: null,
54 verbose parsed url   pathname: 'gulp-util@^2.2.14',
54 verbose parsed url   path: 'gulp-util@^2.2.14',
54 verbose parsed url   href: 'gulp-util@^2.2.14' }
55 verbose cache add name="gulp-rename" spec="^1.2.0" args=["gulp-rename","^1.2.0"]
56 verbose parsed url { protocol: null,
56 verbose parsed url   slashes: null,
56 verbose parsed url   auth: null,
56 verbose parsed url   host: null,
56 verbose parsed url   port: null,
56 verbose parsed url   hostname: null,
56 verbose parsed url   hash: null,
56 verbose parsed url   search: null,
56 verbose parsed url   query: null,
56 verbose parsed url   pathname: '^1.2.0',
56 verbose parsed url   path: '^1.2.0',
56 verbose parsed url   href: '^1.2.0' }
57 verbose addNamed [ 'gulp-rename', '^1.2.0' ]
58 verbose addNamed [ null, '>=1.2.0-0 <2.0.0-0' ]
59 silly lockFile 31cef36d-gulp-rename-1-2-0 gulp-rename@^1.2.0
60 verbose lock gulp-rename@^1.2.0 /Users/ahmedshalaby/.npm/31cef36d-gulp-rename-1-2-0.lock
61 verbose cache add name="bower" spec="^1.3.3" args=["bower","^1.3.3"]
62 verbose parsed url { protocol: null,
62 verbose parsed url   slashes: null,
62 verbose parsed url   auth: null,
62 verbose parsed url   host: null,
62 verbose parsed url   port: null,
62 verbose parsed url   hostname: null,
62 verbose parsed url   hash: null,
62 verbose parsed url   search: null,
62 verbose parsed url   query: null,
62 verbose parsed url   pathname: '^1.3.3',
62 verbose parsed url   path: '^1.3.3',
62 verbose parsed url   href: '^1.3.3' }
63 verbose addNamed [ 'bower', '^1.3.3' ]
64 verbose addNamed [ null, '>=1.3.3-0 <2.0.0-0' ]
65 silly lockFile 0aa5c27e-bower-1-3-3 bower@^1.3.3
66 verbose lock bower@^1.3.3 /Users/ahmedshalaby/.npm/0aa5c27e-bower-1-3-3.lock
67 verbose cache add [ 'shelljs@^0.3.0', null ]
68 verbose cache add name=undefined spec="shelljs@^0.3.0" args=["shelljs@^0.3.0",null]
69 verbose parsed url { protocol: null,
69 verbose parsed url   slashes: null,
69 verbose parsed url   auth: null,
69 verbose parsed url   host: null,
69 verbose parsed url   port: null,
69 verbose parsed url   hostname: null,
69 verbose parsed url   hash: null,
69 verbose parsed url   search: null,
69 verbose parsed url   query: null,
69 verbose parsed url   pathname: 'shelljs@^0.3.0',
69 verbose parsed url   path: 'shelljs@^0.3.0',
69 verbose parsed url   href: 'shelljs@^0.3.0' }
70 verbose cache add name="gulp-util" spec="^2.2.14" args=["gulp-util","^2.2.14"]
71 verbose parsed url { protocol: null,
71 verbose parsed url   slashes: null,
71 verbose parsed url   auth: null,
71 verbose parsed url   host: null,
71 verbose parsed url   port: null,
71 verbose parsed url   hostname: null,
71 verbose parsed url   hash: null,
71 verbose parsed url   search: null,
71 verbose parsed url   query: null,
71 verbose parsed url   pathname: '^2.2.14',
71 verbose parsed url   path: '^2.2.14',
71 verbose parsed url   href: '^2.2.14' }
72 verbose addNamed [ 'gulp-util', '^2.2.14' ]
73 verbose addNamed [ null, '>=2.2.14-0 <3.0.0-0' ]
74 silly lockFile e3e5f16b-gulp-util-2-2-14 gulp-util@^2.2.14
75 verbose lock gulp-util@^2.2.14 /Users/ahmedshalaby/.npm/e3e5f16b-gulp-util-2-2-14.lock
76 silly addNameRange { name: 'gulp-sass',
76 silly addNameRange   range: '>=0.7.1-0 <0.8.0-0',
76 silly addNameRange   hasData: false }
77 silly addNameRange { name: 'gulp', range: '>=3.5.6-0 <4.0.0-0', hasData: false }
78 silly addNameRange { name: 'gulp-concat',
78 silly addNameRange   range: '>=2.2.0-0 <3.0.0-0',
78 silly addNameRange   hasData: false }
79 silly addNameRange { name: 'gulp-minify-css',
79 silly addNameRange   range: '>=0.3.0-0 <0.4.0-0',
79 silly addNameRange   hasData: false }
80 verbose cache add name="shelljs" spec="^0.3.0" args=["shelljs","^0.3.0"]
81 verbose parsed url { protocol: null,
81 verbose parsed url   slashes: null,
81 verbose parsed url   auth: null,
81 verbose parsed url   host: null,
81 verbose parsed url   port: null,
81 verbose parsed url   hostname: null,
81 verbose parsed url   hash: null,
81 verbose parsed url   search: null,
81 verbose parsed url   query: null,
81 verbose parsed url   pathname: '^0.3.0',
81 verbose parsed url   path: '^0.3.0',
81 verbose parsed url   href: '^0.3.0' }
82 verbose addNamed [ 'shelljs', '^0.3.0' ]
83 verbose addNamed [ null, '>=0.3.0-0 <0.4.0-0' ]
84 silly lockFile 1ddaa962-shelljs-0-3-0 shelljs@^0.3.0
85 verbose lock shelljs@^0.3.0 /Users/ahmedshalaby/.npm/1ddaa962-shelljs-0-3-0.lock
86 silly addNameRange { name: 'gulp-rename',
86 silly addNameRange   range: '>=1.2.0-0 <2.0.0-0',
86 silly addNameRange   hasData: false }
87 verbose request where is /gulp-sass
88 verbose request registry https://registry.npmjs.org/
89 verbose request id 532ac031fc777721
90 verbose url raw /gulp-sass
91 verbose url resolving [ 'https://registry.npmjs.org/', './gulp-sass' ]
92 verbose url resolved https://registry.npmjs.org/gulp-sass
93 verbose request where is https://registry.npmjs.org/gulp-sass
94 info trying registry request attempt 1 at 23:31:50
95 http GET https://registry.npmjs.org/gulp-sass
96 verbose request where is /gulp
97 verbose request registry https://registry.npmjs.org/
98 verbose url raw /gulp
99 verbose url resolving [ 'https://registry.npmjs.org/', './gulp' ]
100 verbose url resolved https://registry.npmjs.org/gulp
101 verbose request where is https://registry.npmjs.org/gulp
102 info trying registry request attempt 1 at 23:31:50
103 http GET https://registry.npmjs.org/gulp
104 verbose request where is /gulp-concat
105 verbose request registry https://registry.npmjs.org/
106 verbose url raw /gulp-concat
107 verbose url resolving [ 'https://registry.npmjs.org/', './gulp-concat' ]
108 verbose url resolved https://registry.npmjs.org/gulp-concat
109 verbose request where is https://registry.npmjs.org/gulp-concat
110 info trying registry request attempt 1 at 23:31:50
111 http GET https://registry.npmjs.org/gulp-concat
112 verbose request where is /gulp-minify-css
113 verbose request registry https://registry.npmjs.org/
114 verbose url raw /gulp-minify-css
115 verbose url resolving [ 'https://registry.npmjs.org/', './gulp-minify-css' ]
116 verbose url resolved https://registry.npmjs.org/gulp-minify-css
117 verbose request where is https://registry.npmjs.org/gulp-minify-css
118 info trying registry request attempt 1 at 23:31:50
119 http GET https://registry.npmjs.org/gulp-minify-css
120 silly addNameRange { name: 'bower', range: '>=1.3.3-0 <2.0.0-0', hasData: false }
121 verbose request where is /gulp-rename
122 verbose request registry https://registry.npmjs.org/
123 verbose url raw /gulp-rename
124 verbose url resolving [ 'https://registry.npmjs.org/', './gulp-rename' ]
125 verbose url resolved https://registry.npmjs.org/gulp-rename
126 verbose request where is https://registry.npmjs.org/gulp-rename
127 info trying registry request attempt 1 at 23:31:50
128 http GET https://registry.npmjs.org/gulp-rename
129 silly addNameRange { name: 'gulp-util',
129 silly addNameRange   range: '>=2.2.14-0 <3.0.0-0',
129 silly addNameRange   hasData: false }
130 silly addNameRange { name: 'shelljs', range: '>=0.3.0-0 <0.4.0-0', hasData: false }
131 verbose request where is /gulp-util
132 verbose request registry https://registry.npmjs.org/
133 verbose url raw /gulp-util
134 verbose url resolving [ 'https://registry.npmjs.org/', './gulp-util' ]
135 verbose url resolved https://registry.npmjs.org/gulp-util
136 verbose request where is https://registry.npmjs.org/gulp-util
137 info trying registry request attempt 1 at 23:31:50
138 http GET https://registry.npmjs.org/gulp-util
139 verbose request where is /shelljs
140 verbose request registry https://registry.npmjs.org/
141 verbose url raw /shelljs
142 verbose url resolving [ 'https://registry.npmjs.org/', './shelljs' ]
143 verbose url resolved https://registry.npmjs.org/shelljs
144 verbose request where is https://registry.npmjs.org/shelljs
145 info trying registry request attempt 1 at 23:31:50
146 verbose etag "6ZM323HEH834JDU2VN9LGSJ8Z"
147 http GET https://registry.npmjs.org/shelljs
148 verbose request where is /bower
149 verbose request registry https://registry.npmjs.org/
150 verbose url raw /bower
151 verbose url resolving [ 'https://registry.npmjs.org/', './bower' ]
152 verbose url resolved https://registry.npmjs.org/bower
153 verbose request where is https://registry.npmjs.org/bower
154 info trying registry request attempt 1 at 23:31:50
155 verbose etag "2C9MHUMYQWJZ6OPY4SUPHKHB5"
156 http GET https://registry.npmjs.org/bower
157 http 200 https://registry.npmjs.org/gulp-rename
158 silly registry.get cb [ 200,
158 silly registry.get   { date: 'Mon, 16 Mar 2015 03:31:50 GMT',
158 silly registry.get     server: 'CouchDB/1.6.1 (Erlang OTP/R14B04)',
158 silly registry.get     etag: '"D3LUV8OCQWWBIPSO50EYIAT2G"',
158 silly registry.get     'content-type': 'application/json',
158 silly registry.get     'cache-control': 'max-age=60',
158 silly registry.get     'content-length': '10351',
158 silly registry.get     'accept-ranges': 'bytes',
158 silly registry.get     via: '1.1 varnish',
158 silly registry.get     age: '7',
158 silly registry.get     'x-served-by': 'cache-atl6221-ATL',
158 silly registry.get     'x-cache': 'HIT',
158 silly registry.get     'x-cache-hits': '1',
158 silly registry.get     'x-timer': 'S1426476710.729769,VS0,VE1',
158 silly registry.get     vary: 'Accept',
158 silly registry.get     'keep-alive': 'timeout=10, max=50',
158 silly registry.get     connection: 'Keep-Alive' } ]
159 silly addNameRange number 2 { name: 'gulp-rename',
159 silly addNameRange   range: '>=1.2.0-0 <2.0.0-0',
159 silly addNameRange   hasData: true }
160 silly addNameRange versions [ 'gulp-rename',
160 silly addNameRange   [ '0.1.0', '0.2.1', '0.2.2', '1.0.0', '1.1.0', '1.2.0' ] ]
161 verbose addNamed [ 'gulp-rename', '1.2.0' ]
162 verbose addNamed [ '1.2.0', '1.2.0' ]
163 silly lockFile 5981c611-gulp-rename-1-2-0 gulp-rename@1.2.0
164 verbose lock gulp-rename@1.2.0 /Users/ahmedshalaby/.npm/5981c611-gulp-rename-1-2-0.lock
165 silly lockFile b4be9a05-ulp-rename-gulp-rename-1-2-0-tgz https://registry.npmjs.org/gulp-rename/-/gulp-rename-1.2.0.tgz
166 verbose lock https://registry.npmjs.org/gulp-rename/-/gulp-rename-1.2.0.tgz /Users/ahmedshalaby/.npm/b4be9a05-ulp-rename-gulp-rename-1-2-0-tgz.lock
167 verbose addRemoteTarball [ 'https://registry.npmjs.org/gulp-rename/-/gulp-rename-1.2.0.tgz',
167 verbose addRemoteTarball   '060394a09b085cf5d46fc48acdc5657f8fee9e4e' ]
168 info retry fetch attempt 1 at 23:31:50
169 verbose fetch to= /var/folders/fn/kxfhp2k57s7c4qlt39344mhr0000gn/T/npm-4719-wWFhHIfs/registry.npmjs.org/gulp-rename/-/gulp-rename-1.2.0.tgz
170 http GET https://registry.npmjs.org/gulp-rename/-/gulp-rename-1.2.0.tgz
171 http 200 https://registry.npmjs.org/gulp-concat
172 silly registry.get cb [ 200,
172 silly registry.get   { date: 'Mon, 16 Mar 2015 03:31:50 GMT',
172 silly registry.get     server: 'CouchDB/1.5.0 (Erlang OTP/R16B03)',
172 silly registry.get     etag: '"6HU0KL05Z9JNLJ3BGKPRDJGM2"',
172 silly registry.get     'content-type': 'application/json',
172 silly registry.get     'cache-control': 'max-age=60',
172 silly registry.get     'content-length': '34665',
172 silly registry.get     'accept-ranges': 'bytes',
172 silly registry.get     via: '1.1 varnish',
172 silly registry.get     age: '7',
172 silly registry.get     'x-served-by': 'cache-atl6225-ATL',
172 silly registry.get     'x-cache': 'HIT',
172 silly registry.get     'x-cache-hits': '1',
172 silly registry.get     'x-timer': 'S1426476710.731363,VS0,VE1',
172 silly registry.get     vary: 'Accept',
172 silly registry.get     'keep-alive': 'timeout=10, max=50',
172 silly registry.get     connection: 'Keep-Alive' } ]
173 http 200 https://registry.npmjs.org/gulp-minify-css
174 silly registry.get cb [ 200,
174 silly registry.get   { date: 'Mon, 16 Mar 2015 03:31:50 GMT',
174 silly registry.get     server: 'CouchDB/1.5.0 (Erlang OTP/R16B03)',
174 silly registry.get     etag: '"CN4904OLWCHH0T2HJ6E845O3G"',
174 silly registry.get     'content-type': 'application/json',
174 silly registry.get     'cache-control': 'max-age=60',
174 silly registry.get     'content-length': '42088',
174 silly registry.get     'accept-ranges': 'bytes',
174 silly registry.get     via: '1.1 varnish',
174 silly registry.get     age: '7',
174 silly registry.get     'x-served-by': 'cache-atl6232-ATL',
174 silly registry.get     'x-cache': 'HIT',
174 silly registry.get     'x-cache-hits': '1',
174 silly registry.get     'x-timer': 'S1426476710.729846,VS0,VE1',
174 silly registry.get     vary: 'Accept',
174 silly registry.get     'keep-alive': 'timeout=10, max=50',
174 silly registry.get     connection: 'Keep-Alive' } ]
175 http 200 https://registry.npmjs.org/gulp-sass
176 silly registry.get cb [ 200,
176 silly registry.get   { date: 'Mon, 16 Mar 2015 03:31:50 GMT',
176 silly registry.get     server: 'CouchDB/1.5.0 (Erlang OTP/R16B03)',
176 silly registry.get     etag: '"7SSHXQK3FL6WMWQ7YARL15KYJ"',
176 silly registry.get     'content-type': 'application/json',
176 silly registry.get     'cache-control': 'max-age=60',
176 silly registry.get     'content-length': '32332',
176 silly registry.get     'accept-ranges': 'bytes',
176 silly registry.get     via: '1.1 varnish',
176 silly registry.get     age: '1',
176 silly registry.get     'x-served-by': 'cache-atl6230-ATL',
176 silly registry.get     'x-cache': 'HIT',
176 silly registry.get     'x-cache-hits': '1',
176 silly registry.get     'x-timer': 'S1426476710.730441,VS0,VE0',
176 silly registry.get     vary: 'Accept',
176 silly registry.get     'keep-alive': 'timeout=10, max=50',
176 silly registry.get     connection: 'Keep-Alive' } ]
177 silly addNameRange number 2 { name: 'gulp-sass', range: '>=0.7.1-0 <0.8.0-0', hasData: true }
178 silly addNameRange versions [ 'gulp-sass',
178 silly addNameRange   [ '0.1.0',
178 silly addNameRange     '0.2.1',
178 silly addNameRange     '0.2.2',
178 silly addNameRange     '0.2.3',
178 silly addNameRange     '0.3.0',
178 silly addNameRange     '0.4.0',
178 silly addNameRange     '0.4.1',
178 silly addNameRange     '0.5.0',
178 silly addNameRange     '0.5.1',
178 silly addNameRange     '0.5.2',
178 silly addNameRange     '0.6.0',
178 silly addNameRange     '0.7.0',
178 silly addNameRange     '0.7.1',
178 silly addNameRange     '0.7.2',
178 silly addNameRange     '0.7.3',
178 silly addNameRange     '1.0.0',
178 silly addNameRange     '1.1.0',
178 silly addNameRange     '1.2.0',
178 silly addNameRange     '1.2.1',
178 silly addNameRange     '1.2.2',
178 silly addNameRange     '1.2.3',
178 silly addNameRange     '1.2.4',
178 silly addNameRange     '1.3.0',
178 silly addNameRange     '1.3.1',
178 silly addNameRange     '1.3.2',
178 silly addNameRange     '1.3.3' ] ]
179 verbose addNamed [ 'gulp-sass', '0.7.3' ]
180 verbose addNamed [ '0.7.3', '0.7.3' ]
181 silly lockFile 721f0c96-gulp-sass-0-7-3 gulp-sass@0.7.3
182 verbose lock gulp-sass@0.7.3 /Users/ahmedshalaby/.npm/721f0c96-gulp-sass-0-7-3.lock
183 silly addNameRange number 2 { name: 'gulp-concat',
183 silly addNameRange   range: '>=2.2.0-0 <3.0.0-0',
183 silly addNameRange   hasData: true }
184 silly addNameRange versions [ 'gulp-concat',
184 silly addNameRange   [ '0.0.1',
184 silly addNameRange     '1.0.0',
184 silly addNameRange     '1.1.0',
184 silly addNameRange     '2.0.0',
184 silly addNameRange     '2.1.0',
184 silly addNameRange     '2.1.1',
184 silly addNameRange     '2.1.2',
184 silly addNameRange     '2.1.3',
184 silly addNameRange     '2.1.4',
184 silly addNameRange     '2.1.5',
184 silly addNameRange     '2.1.6',
184 silly addNameRange     '2.1.7',
184 silly addNameRange     '2.2.0',
184 silly addNameRange     '2.3.0',
184 silly addNameRange     '2.3.3',
184 silly addNameRange     '2.3.4',
184 silly addNameRange     '2.3.5',
184 silly addNameRange     '2.4.0',
184 silly addNameRange     '2.4.1',
184 silly addNameRange     '2.4.2',
184 silly addNameRange     '2.4.3',
184 silly addNameRange     '2.5.0',
184 silly addNameRange     '2.5.1',
184 silly addNameRange     '2.5.2' ] ]
185 verbose addNamed [ 'gulp-concat', '2.5.2' ]
186 verbose addNamed [ '2.5.2', '2.5.2' ]
187 silly lockFile f86cbda2-gulp-concat-2-5-2 gulp-concat@2.5.2
188 verbose lock gulp-concat@2.5.2 /Users/ahmedshalaby/.npm/f86cbda2-gulp-concat-2-5-2.lock
189 silly addNameRange number 2 { name: 'gulp-minify-css',
189 silly addNameRange   range: '>=0.3.0-0 <0.4.0-0',
189 silly addNameRange   hasData: true }
190 silly addNameRange versions [ 'gulp-minify-css',
190 silly addNameRange   [ '0.0.1',
190 silly addNameRange     '0.1.0',
190 silly addNameRange     '0.2.0',
190 silly addNameRange     '0.3.0',
190 silly addNameRange     '0.3.1',
190 silly addNameRange     '0.3.2',
190 silly addNameRange     '0.3.3',
190 silly addNameRange     '0.3.4',
190 silly addNameRange     '0.3.5',
190 silly addNameRange     '0.3.6',
190 silly addNameRange     '0.3.7',
190 silly addNameRange     '0.3.8',
190 silly addNameRange     '0.3.9',
190 silly addNameRange     '0.3.10',
190 silly addNameRange     '0.3.11',
190 silly addNameRange     '0.3.12',
190 silly addNameRange     '0.3.13',
190 silly addNameRange     '0.4.0',
190 silly addNameRange     '0.4.1',
190 silly addNameRange     '0.4.2',
190 silly addNameRange     '0.4.3',
190 silly addNameRange     '0.4.4',
190 silly addNameRange     '0.4.5',
190 silly addNameRange     '0.4.6',
190 silly addNameRange     '0.5.0',
190 silly addNameRange     '0.5.1',
190 silly addNameRange     '1.0.0' ] ]
191 verbose addNamed [ 'gulp-minify-css', '0.3.13' ]
192 verbose addNamed [ '0.3.13', '0.3.13' ]
193 silly lockFile 9038a954-gulp-minify-css-0-3-13 gulp-minify-css@0.3.13
194 verbose lock gulp-minify-css@0.3.13 /Users/ahmedshalaby/.npm/9038a954-gulp-minify-css-0-3-13.lock
195 http 304 https://registry.npmjs.org/shelljs
196 silly registry.get cb [ 304,
196 silly registry.get   { date: 'Mon, 16 Mar 2015 03:31:50 GMT',
196 silly registry.get     server: 'Apache',
196 silly registry.get     via: '1.1 varnish',
196 silly registry.get     'last-modified': 'Mon, 16 Mar 2015 03:31:50 GMT',
196 silly registry.get     'cache-control': 'max-age=60',
196 silly registry.get     etag: '"6ZM323HEH834JDU2VN9LGSJ8Z"',
196 silly registry.get     age: '14',
196 silly registry.get     'x-served-by': 'cache-atl6225-ATL',
196 silly registry.get     'x-cache': 'HIT',
196 silly registry.get     'x-cache-hits': '1',
196 silly registry.get     'x-timer': 'S1426476710.918625,VS0,VE1',
196 silly registry.get     vary: 'Accept',
196 silly registry.get     'content-length': '0',
196 silly registry.get     'keep-alive': 'timeout=10, max=49',
196 silly registry.get     connection: 'Keep-Alive' } ]
197 verbose etag https://registry.npmjs.org/shelljs from cache
198 http 200 https://registry.npmjs.org/gulp-util
199 silly registry.get cb [ 200,
199 silly registry.get   { date: 'Mon, 16 Mar 2015 03:31:50 GMT',
199 silly registry.get     server: 'CouchDB/1.5.0 (Erlang OTP/R16B03)',
199 silly registry.get     etag: '"DATGUMXZK96OH8A0J5X495A4P"',
199 silly registry.get     'content-type': 'application/json',
199 silly registry.get     'cache-control': 'max-age=60',
199 silly registry.get     'content-length': '55672',
199 silly registry.get     'accept-ranges': 'bytes',
199 silly registry.get     via: '1.1 varnish',
199 silly registry.get     age: '39',
199 silly registry.get     'x-served-by': 'cache-atl6221-ATL',
199 silly registry.get     'x-cache': 'HIT',
199 silly registry.get     'x-cache-hits': '1',
199 silly registry.get     'x-timer': 'S1426476710.783372,VS0,VE1',
199 silly registry.get     vary: 'Accept',
199 silly registry.get     'keep-alive': 'timeout=10, max=49',
199 silly registry.get     connection: 'Keep-Alive' } ]
200 http 200 https://registry.npmjs.org/gulp
201 silly registry.get cb [ 200,
201 silly registry.get   { date: 'Mon, 16 Mar 2015 03:31:50 GMT',
201 silly registry.get     server: 'CouchDB/1.5.0 (Erlang OTP/R16B03)',
201 silly registry.get     etag: '"BXMQNZ89WRMIOXRKDU2OQ7W3Z"',
201 silly registry.get     'content-type': 'application/json',
201 silly registry.get     'cache-control': 'max-age=60',
201 silly registry.get     'content-length': '100142',
201 silly registry.get     'accept-ranges': 'bytes',
201 silly registry.get     via: '1.1 varnish',
201 silly registry.get     age: '7',
201 silly registry.get     'x-served-by': 'cache-atl6234-ATL',
201 silly registry.get     'x-cache': 'HIT',
201 silly registry.get     'x-cache-hits': '1',
201 silly registry.get     'x-timer': 'S1426476710.730681,VS0,VE1',
201 silly registry.get     vary: 'Accept',
201 silly registry.get     'keep-alive': 'timeout=10, max=50',
201 silly registry.get     connection: 'Keep-Alive' } ]
202 http 200 https://registry.npmjs.org/gulp-rename/-/gulp-rename-1.2.0.tgz
203 silly lockFile d66f14f4-rg-gulp-sass-gulp-sass-0-7-3-tgz https://registry.npmjs.org/gulp-sass/-/gulp-sass-0.7.3.tgz
204 verbose lock https://registry.npmjs.org/gulp-sass/-/gulp-sass-0.7.3.tgz /Users/ahmedshalaby/.npm/d66f14f4-rg-gulp-sass-gulp-sass-0-7-3-tgz.lock
205 silly lockFile 2b63d021-ulp-concat-gulp-concat-2-5-2-tgz https://registry.npmjs.org/gulp-concat/-/gulp-concat-2.5.2.tgz
206 verbose lock https://registry.npmjs.org/gulp-concat/-/gulp-concat-2.5.2.tgz /Users/ahmedshalaby/.npm/2b63d021-ulp-concat-gulp-concat-2-5-2-tgz.lock
207 silly lockFile 8781e9f5-y-css-gulp-minify-css-0-3-13-tgz https://registry.npmjs.org/gulp-minify-css/-/gulp-minify-css-0.3.13.tgz
208 verbose lock https://registry.npmjs.org/gulp-minify-css/-/gulp-minify-css-0.3.13.tgz /Users/ahmedshalaby/.npm/8781e9f5-y-css-gulp-minify-css-0-3-13-tgz.lock
209 verbose addRemoteTarball [ 'https://registry.npmjs.org/gulp-sass/-/gulp-sass-0.7.3.tgz',
209 verbose addRemoteTarball   '4bfbb4e4d95a40be8beeebe07e8e477e7f7a2edc' ]
210 silly addNameRange number 2 { name: 'shelljs', range: '>=0.3.0-0 <0.4.0-0', hasData: true }
211 silly addNameRange versions [ 'shelljs',
211 silly addNameRange   [ '0.0.1',
211 silly addNameRange     '0.0.2',
211 silly addNameRange     '0.0.3',
211 silly addNameRange     '0.0.4',
211 silly addNameRange     '0.0.5',
211 silly addNameRange     '0.0.6',
211 silly addNameRange     '0.0.7',
211 silly addNameRange     '0.0.8',
211 silly addNameRange     '0.0.9',
211 silly addNameRange     '0.1.0',
211 silly addNameRange     '0.1.1',
211 silly addNameRange     '0.1.2',
211 silly addNameRange     '0.1.3',
211 silly addNameRange     '0.1.4',
211 silly addNameRange     '0.2.0',
211 silly addNameRange     '0.2.1',
211 silly addNameRange     '0.2.2',
211 silly addNameRange     '0.2.3',
211 silly addNameRange     '0.2.4',
211 silly addNameRange     '0.2.5',
211 silly addNameRange     '0.2.6',
211 silly addNameRange     '0.3.0',
211 silly addNameRange     '0.0.1-alpha1',
211 silly addNameRange     '0.0.2-pre1',
211 silly addNameRange     '0.0.4-pre1',
211 silly addNameRange     '0.0.5-pre1',
211 silly addNameRange     '0.0.5-pre2',
211 silly addNameRange     '0.0.5-pre3',
211 silly addNameRange     '0.0.5-pre4',
211 silly addNameRange     '0.0.6-pre1',
211 silly addNameRange     '0.0.6-pre2' ] ]
212 verbose addNamed [ 'shelljs', '0.3.0' ]
213 verbose addNamed [ '0.3.0', '0.3.0' ]
214 silly lockFile 7d3918b1-shelljs-0-3-0 shelljs@0.3.0
215 verbose lock shelljs@0.3.0 /Users/ahmedshalaby/.npm/7d3918b1-shelljs-0-3-0.lock
216 verbose addRemoteTarball [ 'https://registry.npmjs.org/gulp-concat/-/gulp-concat-2.5.2.tgz',
216 verbose addRemoteTarball   'd644372cdc2b3cdb421a8a941c8d74e21d815f14' ]
217 verbose addRemoteTarball [ 'https://registry.npmjs.org/gulp-minify-css/-/gulp-minify-css-0.3.13.tgz',
217 verbose addRemoteTarball   'ba813c665422868305383ccd185f239c1e35209b' ]
218 info retry fetch attempt 1 at 23:31:51
219 verbose fetch to= /var/folders/fn/kxfhp2k57s7c4qlt39344mhr0000gn/T/npm-4719-wWFhHIfs/registry.npmjs.org/gulp-sass/-/gulp-sass-0.7.3.tgz
220 http GET https://registry.npmjs.org/gulp-sass/-/gulp-sass-0.7.3.tgz
221 silly addNameRange number 2 { name: 'gulp', range: '>=3.5.6-0 <4.0.0-0', hasData: true }
222 silly addNameRange versions [ 'gulp',
222 silly addNameRange   [ '0.0.1',
222 silly addNameRange     '0.0.2',
222 silly addNameRange     '0.0.3',
222 silly addNameRange     '0.0.4',
222 silly addNameRange     '0.0.5',
222 silly addNameRange     '0.0.7',
222 silly addNameRange     '0.0.8',
222 silly addNameRange     '0.0.9',
222 silly addNameRange     '0.1.0',
222 silly addNameRange     '0.2.0',
222 silly addNameRange     '1.0.0',
222 silly addNameRange     '1.1.0',
222 silly addNameRange     '1.2.0',
222 silly addNameRange     '1.2.1',
222 silly addNameRange     '2.0.0',
222 silly addNameRange     '2.0.1',
222 silly addNameRange     '2.1.0',
222 silly addNameRange     '2.2.0',
222 silly addNameRange     '2.3.0',
222 silly addNameRange     '2.4.0',
222 silly addNameRange     '2.4.1',
222 silly addNameRange     '2.6.0',
222 silly addNameRange     '2.6.1',
222 silly addNameRange     '2.7.0',
222 silly addNameRange     '3.0.0',
222 silly addNameRange     '3.1.1',
222 silly addNameRange     '3.1.2',
222 silly addNameRange     '3.1.3',
222 silly addNameRange     '3.1.4',
222 silly addNameRange     '3.2.0',
222 silly addNameRange     '3.2.1',
222 silly addNameRange     '3.2.2',
222 silly addNameRange     '3.2.3',
222 silly addNameRange     '3.2.4',
222 silly addNameRange     '3.2.5',
222 silly addNameRange     '3.3.0',
222 silly addNameRange     '3.3.1',
222 silly addNameRange     '3.3.2',
222 silly addNameRange     '3.3.4',
222 silly addNameRange     '3.4.0',
222 silly addNameRange     '3.5.0',
222 silly addNameRange     '3.5.1',
222 silly addNameRange     '3.5.2',
222 silly addNameRange     '3.5.5',
222 silly addNameRange     '3.5.6',
222 silly addNameRange     '3.6.0',
222 silly addNameRange     '3.6.1',
222 silly addNameRange     '3.6.2',
222 silly addNameRange     '3.7.0',
222 silly addNameRange     '3.8.0',
222 silly addNameRange     '3.8.1',
222 silly addNameRange     '3.8.2',
222 silly addNameRange     '3.8.3',
222 silly addNameRange     '3.8.4',
222 silly addNameRange     '3.8.5',
222 silly addNameRange     '3.8.6',
222 silly addNameRange     '3.8.7',
222 silly addNameRange     '3.8.8',
222 silly addNameRange     '3.8.9',
222 silly addNameRange     '3.8.10',
222 silly addNameRange     '3.8.11' ] ]
223 verbose addNamed [ 'gulp', '3.8.11' ]
224 verbose addNamed [ '3.8.11', '3.8.11' ]
225 silly lockFile 3d31ec08-gulp-3-8-11 gulp@3.8.11
226 verbose lock gulp@3.8.11 /Users/ahmedshalaby/.npm/3d31ec08-gulp-3-8-11.lock
227 info retry fetch attempt 1 at 23:31:51
228 verbose fetch to= /var/folders/fn/kxfhp2k57s7c4qlt39344mhr0000gn/T/npm-4719-wWFhHIfs/registry.npmjs.org/gulp-concat/-/gulp-concat-2.5.2.tgz
229 info retry fetch attempt 1 at 23:31:51
230 verbose fetch to= /var/folders/fn/kxfhp2k57s7c4qlt39344mhr0000gn/T/npm-4719-wWFhHIfs/registry.npmjs.org/gulp-minify-css/-/gulp-minify-css-0.3.13.tgz
231 silly addNameRange number 2 { name: 'gulp-util',
231 silly addNameRange   range: '>=2.2.14-0 <3.0.0-0',
231 silly addNameRange   hasData: true }
232 silly addNameRange versions [ 'gulp-util',
232 silly addNameRange   [ '0.0.1',
232 silly addNameRange     '1.0.0',
232 silly addNameRange     '1.1.0',
232 silly addNameRange     '1.1.1',
232 silly addNameRange     '1.2.0',
232 silly addNameRange     '1.3.0',
232 silly addNameRange     '2.0.0',
232 silly addNameRange     '2.1.1',
232 silly addNameRange     '2.1.2',
232 silly addNameRange     '2.1.3',
232 silly addNameRange     '2.1.4',
232 silly addNameRange     '2.2.0',
232 silly addNameRange     '2.2.1',
232 silly addNameRange     '2.2.2',
232 silly addNameRange     '2.2.3',
232 silly addNameRange     '2.2.5',
232 silly addNameRange     '2.2.6',
232 silly addNameRange     '2.2.7',
232 silly addNameRange     '2.2.8',
232 silly addNameRange     '2.2.9',
232 silly addNameRange     '2.2.10',
232 silly addNameRange     '2.2.11',
232 silly addNameRange     '2.2.12',
232 silly addNameRange     '2.2.13',
232 silly addNameRange     '2.2.14',
232 silly addNameRange     '2.2.15',
232 silly addNameRange     '2.2.16',
232 silly addNameRange     '2.2.17',
232 silly addNameRange     '2.2.18',
232 silly addNameRange     '2.2.19',
232 silly addNameRange     '2.2.20',
232 silly addNameRange     '3.0.0',
232 silly addNameRange     '3.0.1',
232 silly addNameRange     '3.0.2',
232 silly addNameRange     '3.0.3',
232 silly addNameRange     '3.0.4' ] ]
233 verbose addNamed [ 'gulp-util', '2.2.20' ]
234 verbose addNamed [ '2.2.20', '2.2.20' ]
235 silly lockFile 48c194cb-gulp-util-2-2-20 gulp-util@2.2.20
236 verbose lock gulp-util@2.2.20 /Users/ahmedshalaby/.npm/48c194cb-gulp-util-2-2-20.lock
237 http GET https://registry.npmjs.org/gulp-concat/-/gulp-concat-2.5.2.tgz
238 http GET https://registry.npmjs.org/gulp-minify-css/-/gulp-minify-css-0.3.13.tgz
239 silly lockFile 2528ddbe-y-npmjs-org-gulp-gulp-3-8-11-tgz https://registry.npmjs.org/gulp/-/gulp-3.8.11.tgz
240 verbose lock https://registry.npmjs.org/gulp/-/gulp-3.8.11.tgz /Users/ahmedshalaby/.npm/2528ddbe-y-npmjs-org-gulp-gulp-3-8-11-tgz.lock
241 silly lockFile 34166e88-g-gulp-util-gulp-util-2-2-20-tgz https://registry.npmjs.org/gulp-util/-/gulp-util-2.2.20.tgz
242 verbose lock https://registry.npmjs.org/gulp-util/-/gulp-util-2.2.20.tgz /Users/ahmedshalaby/.npm/34166e88-g-gulp-util-gulp-util-2-2-20-tgz.lock
243 silly lockFile 7d3918b1-shelljs-0-3-0 shelljs@0.3.0
244 silly lockFile 7d3918b1-shelljs-0-3-0 shelljs@0.3.0
245 verbose addRemoteTarball [ 'https://registry.npmjs.org/gulp/-/gulp-3.8.11.tgz',
245 verbose addRemoteTarball   'd557e0a7283eb4136491969b0497767972f1d28a' ]
246 verbose addRemoteTarball [ 'https://registry.npmjs.org/gulp-util/-/gulp-util-2.2.20.tgz',
246 verbose addRemoteTarball   'd7146e5728910bd8f047a6b0b1e549bc22dbd64c' ]
247 silly lockFile 1ddaa962-shelljs-0-3-0 shelljs@^0.3.0
248 silly lockFile 1ddaa962-shelljs-0-3-0 shelljs@^0.3.0
249 info retry fetch attempt 1 at 23:31:51
250 verbose fetch to= /var/folders/fn/kxfhp2k57s7c4qlt39344mhr0000gn/T/npm-4719-wWFhHIfs/registry.npmjs.org/gulp/-/gulp-3.8.11.tgz
251 info retry fetch attempt 1 at 23:31:51
252 verbose fetch to= /var/folders/fn/kxfhp2k57s7c4qlt39344mhr0000gn/T/npm-4719-wWFhHIfs/registry.npmjs.org/gulp-util/-/gulp-util-2.2.20.tgz
253 silly lockFile b4be9a05-ulp-rename-gulp-rename-1-2-0-tgz https://registry.npmjs.org/gulp-rename/-/gulp-rename-1.2.0.tgz
254 silly lockFile b4be9a05-ulp-rename-gulp-rename-1-2-0-tgz https://registry.npmjs.org/gulp-rename/-/gulp-rename-1.2.0.tgz
255 http GET https://registry.npmjs.org/gulp/-/gulp-3.8.11.tgz
256 http GET https://registry.npmjs.org/gulp-util/-/gulp-util-2.2.20.tgz
257 silly lockFile 5981c611-gulp-rename-1-2-0 gulp-rename@1.2.0
258 silly lockFile 5981c611-gulp-rename-1-2-0 gulp-rename@1.2.0
259 silly lockFile 31cef36d-gulp-rename-1-2-0 gulp-rename@^1.2.0
260 silly lockFile 31cef36d-gulp-rename-1-2-0 gulp-rename@^1.2.0
261 http 200 https://registry.npmjs.org/bower
262 silly registry.get cb [ 200,
262 silly registry.get   { date: 'Mon, 16 Mar 2015 03:31:50 GMT',
262 silly registry.get     server: 'CouchDB/1.5.0 (Erlang OTP/R16B03)',
262 silly registry.get     etag: '"F5GNC10X22NR4FPZMS96D2P78"',
262 silly registry.get     'content-type': 'application/json',
262 silly registry.get     'cache-control': 'max-age=60',
262 silly registry.get     'content-length': '106127',
262 silly registry.get     'accept-ranges': 'bytes',
262 silly registry.get     via: '1.1 varnish',
262 silly registry.get     age: '22',
262 silly registry.get     'x-served-by': 'cache-atl6232-ATL',
262 silly registry.get     'x-cache': 'HIT',
262 silly registry.get     'x-cache-hits': '1',
262 silly registry.get     'x-timer': 'S1426476710.937034,VS0,VE1',
262 silly registry.get     vary: 'Accept',
262 silly registry.get     'keep-alive': 'timeout=10, max=49',
262 silly registry.get     connection: 'Keep-Alive' } ]
263 silly addNameRange number 2 { name: 'bower', range: '>=1.3.3-0 <2.0.0-0', hasData: true }
264 silly addNameRange versions [ 'bower',
264 silly addNameRange   [ '0.1.0',
264 silly addNameRange     '0.1.2',
264 silly addNameRange     '0.1.3',
264 silly addNameRange     '0.2.0',
264 silly addNameRange     '0.3.0',
264 silly addNameRange     '0.3.1',
264 silly addNameRange     '0.3.2',
264 silly addNameRange     '0.4.0',
264 silly addNameRange     '0.5.0',
264 silly addNameRange     '0.5.1',
264 silly addNameRange     '0.6.0',
264 silly addNameRange     '0.6.1',
264 silly addNameRange     '0.6.2',
264 silly addNameRange     '0.6.3',
264 silly addNameRange     '0.6.4',
264 silly addNameRange     '0.6.5',
264 silly addNameRange     '0.6.6',
264 silly addNameRange     '0.6.7',
264 silly addNameRange     '0.6.8',
264 silly addNameRange     '0.7.0',
264 silly addNameRange     '0.7.1',
264 silly addNameRange     '0.8.0',
264 silly addNameRange     '0.8.1',
264 silly addNameRange     '0.8.2',
264 silly addNameRange     '0.8.3',
264 silly addNameRange     '0.8.4',
264 silly addNameRange     '0.8.5',
264 silly addNameRange     '0.8.6',
264 silly addNameRange     '0.9.0',
264 silly addNameRange     '0.9.1',
264 silly addNameRange     '0.9.2',
264 silly addNameRange     '0.10.0',
264 silly addNameRange     '1.0.0',
264 silly addNameRange     '1.0.1',
264 silly addNameRange     '1.0.2',
264 silly addNameRange     '1.0.3',
264 silly addNameRange     '1.1.0',
264 silly addNameRange     '1.1.1',
264 silly addNameRange     '1.1.2',
264 silly addNameRange     '1.2.0',
264 silly addNameRange     '1.2.1',
264 silly addNameRange     '1.2.2',
264 silly addNameRange     '1.2.3',
264 silly addNameRange     '1.2.4',
264 silly addNameRange     '1.2.5',
264 silly addNameRange     '1.2.6',
264 silly addNameRange     '1.2.7',
264 silly addNameRange     '1.2.8',
264 silly addNameRange     '1.3.0',
264 silly addNameRange     '1.3.1',
264 silly addNameRange     '1.3.2',
264 silly addNameRange     '1.3.3',
264 silly addNameRange     '1.3.4',
264 silly addNameRange     '1.3.5',
264 silly addNameRange     '1.3.6',
264 silly addNameRange     '1.3.7',
264 silly addNameRange     '1.3.8',
264 silly addNameRange     '1.3.9',
264 silly addNameRange     '1.3.10',
264 silly addNameRange     '1.3.11',
264 silly addNameRange     '1.3.12' ] ]
265 verbose addNamed [ 'bower', '1.3.12' ]
266 verbose addNamed [ '1.3.12', '1.3.12' ]
267 silly lockFile 9819431c-bower-1-3-12 bower@1.3.12
268 verbose lock bower@1.3.12 /Users/ahmedshalaby/.npm/9819431c-bower-1-3-12.lock
269 silly lockFile 9819431c-bower-1-3-12 bower@1.3.12
270 silly lockFile 9819431c-bower-1-3-12 bower@1.3.12
271 silly lockFile 0aa5c27e-bower-1-3-3 bower@^1.3.3
272 silly lockFile 0aa5c27e-bower-1-3-3 bower@^1.3.3
273 http 200 https://registry.npmjs.org/gulp-concat/-/gulp-concat-2.5.2.tgz
274 http 200 https://registry.npmjs.org/gulp-minify-css/-/gulp-minify-css-0.3.13.tgz
275 http 200 https://registry.npmjs.org/gulp-util/-/gulp-util-2.2.20.tgz
276 http 200 https://registry.npmjs.org/gulp/-/gulp-3.8.11.tgz
277 http 200 https://registry.npmjs.org/gulp-sass/-/gulp-sass-0.7.3.tgz
278 silly lockFile 34166e88-g-gulp-util-gulp-util-2-2-20-tgz https://registry.npmjs.org/gulp-util/-/gulp-util-2.2.20.tgz
279 silly lockFile 34166e88-g-gulp-util-gulp-util-2-2-20-tgz https://registry.npmjs.org/gulp-util/-/gulp-util-2.2.20.tgz
280 silly lockFile 2528ddbe-y-npmjs-org-gulp-gulp-3-8-11-tgz https://registry.npmjs.org/gulp/-/gulp-3.8.11.tgz
281 silly lockFile 2528ddbe-y-npmjs-org-gulp-gulp-3-8-11-tgz https://registry.npmjs.org/gulp/-/gulp-3.8.11.tgz
282 silly lockFile 48c194cb-gulp-util-2-2-20 gulp-util@2.2.20
283 silly lockFile 48c194cb-gulp-util-2-2-20 gulp-util@2.2.20
284 silly lockFile 3d31ec08-gulp-3-8-11 gulp@3.8.11
285 silly lockFile 3d31ec08-gulp-3-8-11 gulp@3.8.11
286 silly lockFile e3e5f16b-gulp-util-2-2-14 gulp-util@^2.2.14
287 silly lockFile e3e5f16b-gulp-util-2-2-14 gulp-util@^2.2.14
288 silly lockFile 28ac0b1b-gulp-3-5-6 gulp@^3.5.6
289 silly lockFile 28ac0b1b-gulp-3-5-6 gulp@^3.5.6
290 silly lockFile 2b63d021-ulp-concat-gulp-concat-2-5-2-tgz https://registry.npmjs.org/gulp-concat/-/gulp-concat-2.5.2.tgz
291 silly lockFile 2b63d021-ulp-concat-gulp-concat-2-5-2-tgz https://registry.npmjs.org/gulp-concat/-/gulp-concat-2.5.2.tgz
292 silly lockFile 8781e9f5-y-css-gulp-minify-css-0-3-13-tgz https://registry.npmjs.org/gulp-minify-css/-/gulp-minify-css-0.3.13.tgz
293 silly lockFile 8781e9f5-y-css-gulp-minify-css-0-3-13-tgz https://registry.npmjs.org/gulp-minify-css/-/gulp-minify-css-0.3.13.tgz
294 silly lockFile d66f14f4-rg-gulp-sass-gulp-sass-0-7-3-tgz https://registry.npmjs.org/gulp-sass/-/gulp-sass-0.7.3.tgz
295 silly lockFile d66f14f4-rg-gulp-sass-gulp-sass-0-7-3-tgz https://registry.npmjs.org/gulp-sass/-/gulp-sass-0.7.3.tgz
296 silly lockFile f86cbda2-gulp-concat-2-5-2 gulp-concat@2.5.2
297 silly lockFile f86cbda2-gulp-concat-2-5-2 gulp-concat@2.5.2
298 silly lockFile 9038a954-gulp-minify-css-0-3-13 gulp-minify-css@0.3.13
299 silly lockFile 9038a954-gulp-minify-css-0-3-13 gulp-minify-css@0.3.13
300 silly lockFile 721f0c96-gulp-sass-0-7-3 gulp-sass@0.7.3
301 silly lockFile 721f0c96-gulp-sass-0-7-3 gulp-sass@0.7.3
302 silly lockFile bade1119-gulp-concat-2-2-0 gulp-concat@^2.2.0
303 silly lockFile bade1119-gulp-concat-2-2-0 gulp-concat@^2.2.0
304 silly lockFile 97140670-gulp-minify-css-0-3-0 gulp-minify-css@^0.3.0
305 silly lockFile 97140670-gulp-minify-css-0-3-0 gulp-minify-css@^0.3.0
306 silly lockFile 77100620-gulp-sass-0-7-1 gulp-sass@^0.7.1
307 silly lockFile 77100620-gulp-sass-0-7-1 gulp-sass@^0.7.1
308 error Error: EACCES, mkdir '/Users/ahmedshalaby/.npm/gulp-util/2.2.20'
308 error  { [Error: EACCES, mkdir '/Users/ahmedshalaby/.npm/gulp-util/2.2.20']
308 error   errno: 3,
308 error   code: 'EACCES',
308 error   path: '/Users/ahmedshalaby/.npm/gulp-util/2.2.20',
308 error   parent: 'demo' }
309 error Please try running this command again as root/Administrator.
310 error System Darwin 13.2.0
311 error command "/usr/local/bin/node" "/usr/local/bin/npm" "install"
312 error cwd /Users/ahmedshalaby/Desktop/Public-Art-at-CMU/demo
313 error node -v v0.10.33
314 error npm -v 1.4.28
315 error path /Users/ahmedshalaby/.npm/gulp-util/2.2.20
316 error code EACCES
317 error errno 3
318 error stack Error: EACCES, mkdir '/Users/ahmedshalaby/.npm/gulp-util/2.2.20'
319 verbose exit [ 3, true ]
